<?xml version="1.0" encoding="UTF-8"?>
<testsuite name="SimpleBankSystemTest" tests="1" skipped="0" failures="0" errors="0" timestamp="2020-11-02T16:05:18" hostname="DESKTOP-3OSD8G3" time="0.806">
  <properties/>
  <testcase name="start" classname="SimpleBankSystemTest" time="0.806"/>
  <system-out><![CDATA[?[1;31m
Start test 1?[0m
1. Create an account
2. Log into account
0. Exit
> 0
Bye!
?[1;31m
Start test 2?[0m
1. Create an account
2. Log into account
0. Exit
> 0
Bye!
?[1;31m
Start test 3?[0m
1. Create an account
2. Log into account
0. Exit
> 0
Bye!
?[1;31m
Start test 4?[0m
1. Create an account
2. Log into account
0. Exit
> 0
Bye!
?[1;31m
Start test 5?[0m
1. Create an account
2. Log into account
0. Exit
> 1

Your card has been created
Your card number: 
4000004996870956
Your card PIN: 
3766

1. Create an account
2. Log into account
0. Exit
> 1

Your card has been created
Your card number: 
4000009613148975
Your card PIN: 
3227

1. Create an account
2. Log into account
0. Exit
> 1

Your card has been created
Your card number: 
4000006096674675
Your card PIN: 
3757

1. Create an account
2. Log into account
0. Exit
> 1

Your card has been created
Your card number: 
4000007129274566
Your card PIN: 
2404

1. Create an account
2. Log into account
0. Exit
> 1

Your card has been created
Your card number: 
4000002650936238
Your card PIN: 
2116

1. Create an account
2. Log into account
0. Exit
> 0
Bye!
4000004996870956
4000009613148975
4000006096674675
4000007129274566
4000002650936238
?[1;31m
Start test 6?[0m
1. Create an account
2. Log into account
0. Exit
> 1

Your card has been created
Your card number: 
4000008241181960
Your card PIN: 
5429

1. Create an account
2. Log into account
0. Exit
> 2

Enter your card number:
> 4000008241181960
Enter your PIN:
> 5429

You have successfully logged in!

1. Balance
2. Add income
3. Do transfer
4. Close account
5. Log out
0. Exit
> 0
Bye!
?[1;31m
Start test 7?[0m
1. Create an account
2. Log into account
0. Exit
> 1

Your card has been created
Your card number: 
4000003310263799
Your card PIN: 
4958

1. Create an account
2. Log into account
0. Exit
> 2

Enter your card number:
> 4000003310263799
Enter your PIN:
> 6242

Wrong card number or PIN!

1. Create an account
2. Log into account
0. Exit
> 0
Bye!
?[1;31m
Start test 8?[0m
1. Create an account
2. Log into account
0. Exit
> 1

Your card has been created
Your card number: 
4000002944862307
Your card PIN: 
1466

1. Create an account
2. Log into account
0. Exit
> 2

Enter your card number:
> 400000256926312

Wrong card number or PIN!

1. Create an account
2. Log into account
0. Exit
> 1466
1. Create an account
2. Log into account
0. Exit
> 0
Bye!
?[1;31m
Start test 9?[0m
1. Create an account
2. Log into account
0. Exit
> 1

Your card has been created
Your card number: 
4000002049608316
Your card PIN: 
1752

1. Create an account
2. Log into account
0. Exit
> 2

Enter your card number:
> 4000002049608316
Enter your PIN:
> 1752

You have successfully logged in!

1. Balance
2. Add income
3. Do transfer
4. Close account
5. Log out
0. Exit
> 1

Balance: 0

1. Balance
2. Add income
3. Do transfer
4. Close account
5. Log out
0. Exit
> 0
Bye!
?[1;31m
Start test 10?[0m
1. Create an account
2. Log into account
0. Exit
> 1

Your card has been created
Your card number: 
4000005293319845
Your card PIN: 
3084

1. Create an account
2. Log into account
0. Exit
> 2

Enter your card number:
> 4000005293319845
Enter your PIN:
> 3084

You have successfully logged in!

1. Balance
2. Add income
3. Do transfer
4. Close account
5. Log out
0. Exit
> 2

Enter income:
> 10000
Income was added!

1. Balance
2. Add income
3. Do transfer
4. Close account
5. Log out
0. Exit
> 0
Bye!
1. Create an account
2. Log into account
0. Exit
> 2

Enter your card number:
> 4000005293319845
Enter your PIN:
> 3084

You have successfully logged in!

1. Balance
2. Add income
3. Do transfer
4. Close account
5. Log out
0. Exit
> 2

Enter income:
> 15000
Income was added!

1. Balance
2. Add income
3. Do transfer
4. Close account
5. Log out
0. Exit
> 0
Bye!
?[1;31m
Start test 11?[0m
1. Create an account
2. Log into account
0. Exit
> 1

Your card has been created
Your card number: 
4000007843053072
Your card PIN: 
7141

1. Create an account
2. Log into account
0. Exit
> 1

Your card has been created
Your card number: 
4000005031367627
Your card PIN: 
4719

1. Create an account
2. Log into account
0. Exit
> 2

Enter your card number:
> 4000005031367627
Enter your PIN:
> 4719

You have successfully logged in!

1. Balance
2. Add income
3. Do transfer
4. Close account
5. Log out
0. Exit
> 3

Transfer
Enter card number:
> 2000007269641764
Probably you made mistake in the card number. Please try again!

1. Balance
2. Add income
3. Do transfer
4. Close account
5. Log out
0. Exit
> 3

Transfer
Enter card number:
> 2000007269641768
Such a card does not exist

1. Balance
2. Add income
3. Do transfer
4. Close account
5. Log out
0. Exit
> 3

Transfer
Enter card number:
> 4000007843053072
Enter how much money you want to transfer:
> 100000
Not enough money!

1. Balance
2. Add income
3. Do transfer
4. Close account
5. Log out
0. Exit
> 2

Enter income:
> 20000
Income was added!

1. Balance
2. Add income
3. Do transfer
4. Close account
5. Log out
0. Exit
> 3

Transfer
Enter card number:
> 4000007843053072
Enter how much money you want to transfer:
> 10000
Success!

1. Balance
2. Add income
3. Do transfer
4. Close account
5. Log out
0. Exit
> 0
Bye!
?[1;31m
Start test 12?[0m
1. Create an account
2. Log into account
0. Exit
> 1

Your card has been created
Your card number: 
4000004786220685
Your card PIN: 
3254

1. Create an account
2. Log into account
0. Exit
> 2

Enter your card number:
> 4000004786220685
Enter your PIN:
> 3254

You have successfully logged in!

1. Balance
2. Add income
3. Do transfer
4. Close account
5. Log out
0. Exit
> 4

The account has been closed!

1. Create an account
2. Log into account
0. Exit
> 0
Bye!
]]></system-out>
  <system-err><![CDATA[]]></system-err>
</testsuite>
